/home/inf-43-2025/miniconda3/envs/long_read_assembly/bin/quast 2_hifiasm/SRR13577846.asm.bp.p_ctg.fa -o 3_Quast/

Version: 5.3.0

System information:
  OS: Linux-6.18.12-100.fc42.x86_64-x86_64-with-glibc2.41 (linux_64)
  Python version: 3.13.12
  CPUs number: 16

Started: 2026-02-24 14:29:27

Logging to /home/inf-43-2025/BINP29_Assembly/3_Quast/quast.log
NOTICE: Maximum number of threads is set to 4 (use --threads option to set it manually)

CWD: /home/inf-43-2025/BINP29_Assembly
Main parameters: 
  MODE: default, threads: 4, min contig length: 500, min alignment length: 65, min alignment IDY: 95.0, \
  ambiguity: one, min local misassembly length: 200, min extensive misassembly length: 1000

Contigs:
  Pre-processing...
  2_hifiasm/SRR13577846.asm.bp.p_ctg.fa ==> SRR13577846.asm.bp.p_ctg

2026-02-24 14:29:28
Running Basic statistics processor...
  Contig files: 
    SRR13577846.asm.bp.p_ctg
  Calculating N50 and L50...
    SRR13577846.asm.bp.p_ctg, N50 = 807493, L50 = 6, auN = 825493.0, Total length = 12662356, GC % = 38.44, # N's per 100 kbp =  0.00
  Drawing Nx plot...
    saved to /home/inf-43-2025/BINP29_Assembly/3_Quast/basic_stats/Nx_plot.pdf
  Drawing cumulative plot...
    saved to /home/inf-43-2025/BINP29_Assembly/3_Quast/basic_stats/cumulative_plot.pdf
  Drawing GC content plot...
    saved to /home/inf-43-2025/BINP29_Assembly/3_Quast/basic_stats/GC_content_plot.pdf
  Drawing SRR13577846.asm.bp.p_ctg GC content plot...
    saved to /home/inf-43-2025/BINP29_Assembly/3_Quast/basic_stats/SRR13577846.asm.bp.p_ctg_GC_content_plot.pdf
Done.

NOTICE: Genes are not predicted by default. Use --gene-finding or --glimmer option to enable it.

2026-02-24 14:29:28
Creating large visual summaries...
This may take a while: press Ctrl-C to skip this step..
  1 of 2: Creating PDF with all tables and plots...
  2 of 2: Creating Icarus viewers...
Done

2026-02-24 14:29:28
RESULTS:
  Text versions of total report are saved to /home/inf-43-2025/BINP29_Assembly/3_Quast/report.txt, report.tsv, and report.tex
  Text versions of transposed total report are saved to /home/inf-43-2025/BINP29_Assembly/3_Quast/transposed_report.txt, transposed_report.tsv, and transposed_report.tex
  HTML version (interactive tables and plots) is saved to /home/inf-43-2025/BINP29_Assembly/3_Quast/report.html
  PDF version (tables and plots) is saved to /home/inf-43-2025/BINP29_Assembly/3_Quast/report.pdf
  Icarus (contig browser) is saved to /home/inf-43-2025/BINP29_Assembly/3_Quast/icarus.html
  Log is saved to /home/inf-43-2025/BINP29_Assembly/3_Quast/quast.log

Finished: 2026-02-24 14:29:28
Elapsed time: 0:00:01.295080
NOTICEs: 2; WARNINGs: 0; non-fatal ERRORs: 0

Thank you for using QUAST!
